<?xml version="1.0" encoding="UTF-8"?>
<!-- Generated by org.testng.reporters.JUnitXMLReporter -->
<testsuite hostname="DESKTOP-O6S8VEP" ignored="0" name="Default test" tests="4" failures="0" timestamp="25 Jun 2018 05:17:32 GMT" time="32.742" errors="0">
  <testcase name="fullNameEmptyTest" time="0.348" classname="com.cybertek.JobApplicationProject"/>
  <testcase name="submitFullApplication" time="9.427" classname="com.cybertek.JobApplicationProject"/>
  <testcase name="verifyIpAddress" time="3.418" classname="com.cybertek.JobApplicationProject"/>
  <testcase name="verifyEmail" time="13.271" classname="com.cybertek.JobApplicationProject"/>
</testsuite> <!-- Default test -->
