<?xml version="1.0" encoding="UTF-8"?>
<testng-results skipped="0" failed="0" ignored="0" total="4" passed="4">
  <reporter-output>
  </reporter-output>
  <suite name="Default suite" duration-ms="32742" started-at="2018-06-25T05:16:59Z" finished-at="2018-06-25T05:17:32Z">
    <groups>
    </groups>
    <test name="Default test" duration-ms="32742" started-at="2018-06-25T05:16:59Z" finished-at="2018-06-25T05:17:32Z">
      <class name="com.cybertek.JobApplicationProject">
        <test-method status="PASS" signature="setUp()[pri:0, instance:com.cybertek.JobApplicationProject@2e6f1f48]" name="setUp" is-config="true" duration-ms="4334" started-at="2018-06-25T05:16:59Z" finished-at="2018-06-25T05:17:04Z">
          <reporter-output>
          </reporter-output>
        </test-method> <!-- setUp -->
        <test-method status="PASS" signature="navigateToHomePage()[pri:0, instance:com.cybertek.JobApplicationProject@2e6f1f48]" name="navigateToHomePage" is-config="true" duration-ms="1059" started-at="2018-06-25T05:17:04Z" finished-at="2018-06-25T05:17:05Z">
          <reporter-output>
          </reporter-output>
        </test-method> <!-- navigateToHomePage -->
        <test-method status="PASS" signature="fullNameEmptyTest()[pri:0, instance:com.cybertek.JobApplicationProject@2e6f1f48]" name="fullNameEmptyTest" duration-ms="348" started-at="2018-06-25T05:17:05Z" finished-at="2018-06-25T05:17:05Z">
          <reporter-output>
          </reporter-output>
        </test-method> <!-- fullNameEmptyTest -->
        <test-method status="PASS" signature="navigateToHomePage()[pri:0, instance:com.cybertek.JobApplicationProject@2e6f1f48]" name="navigateToHomePage" is-config="true" duration-ms="275" started-at="2018-06-25T05:17:05Z" finished-at="2018-06-25T05:17:05Z">
          <reporter-output>
          </reporter-output>
        </test-method> <!-- navigateToHomePage -->
        <test-method status="PASS" signature="submitFullApplication()[pri:1, instance:com.cybertek.JobApplicationProject@2e6f1f48]" name="submitFullApplication" duration-ms="9427" started-at="2018-06-25T05:17:05Z" finished-at="2018-06-25T05:17:15Z">
          <reporter-output>
          </reporter-output>
        </test-method> <!-- submitFullApplication -->
        <test-method status="PASS" signature="navigateToHomePage()[pri:0, instance:com.cybertek.JobApplicationProject@2e6f1f48]" name="navigateToHomePage" is-config="true" duration-ms="290" started-at="2018-06-25T05:17:15Z" finished-at="2018-06-25T05:17:15Z">
          <reporter-output>
          </reporter-output>
        </test-method> <!-- navigateToHomePage -->
        <test-method status="PASS" signature="verifyIpAddress()[pri:2, instance:com.cybertek.JobApplicationProject@2e6f1f48]" name="verifyIpAddress" duration-ms="3418" started-at="2018-06-25T05:17:15Z" finished-at="2018-06-25T05:17:18Z">
          <reporter-output>
          </reporter-output>
        </test-method> <!-- verifyIpAddress -->
        <test-method status="PASS" signature="navigateToHomePage()[pri:0, instance:com.cybertek.JobApplicationProject@2e6f1f48]" name="navigateToHomePage" is-config="true" duration-ms="276" started-at="2018-06-25T05:17:18Z" finished-at="2018-06-25T05:17:19Z">
          <reporter-output>
          </reporter-output>
        </test-method> <!-- navigateToHomePage -->
        <test-method status="PASS" signature="verifyEmail()[pri:3, instance:com.cybertek.JobApplicationProject@2e6f1f48]" name="verifyEmail" duration-ms="13271" started-at="2018-06-25T05:17:19Z" finished-at="2018-06-25T05:17:32Z">
          <reporter-output>
          </reporter-output>
        </test-method> <!-- verifyEmail -->
      </class> <!-- com.cybertek.JobApplicationProject -->
    </test> <!-- Default test -->
  </suite> <!-- Default suite -->
</testng-results>
